[2026-01-06 04:38:31] 📋 AGENT INITIALIZED
Ari Agent 已成功初始化
==================================================
[2026-01-06 04:38:31] 📋 ARI APP INITIALIZED
Ari应用程序已成功启动
==================================================
[2026-01-06 04:38:49] 📋 USER INPUT RECEIVED
Input: '你好' (length: 2)
==================================================
[2026-01-06 04:38:49] 📋 USER MESSAGE DISPLAYED
用户消息已成功显示在结果区域
==================================================
[2026-01-06 04:38:49] 📋 SENT TO AGENT MESSAGE LOG
=== SENT TO AGENT MESSAGE LOG ===
Type: Msg
Name: user
Role: user
Content Type: str
Content: 你好
==================================================
==================================================
[2026-01-06 04:39:01] 📋 RECEIVED FROM AGENT MESSAGE LOG
=== RECEIVED FROM AGENT MESSAGE LOG ===
Type: Msg
Name: Ari
Role: assistant
Content Type: list
Content (list):
  [0] Dict with keys: ['type', 'text']
      Text preview: *抬起头，眼睛微微亮起* 

啊，你好！我刚刚在整理一些记忆碎片，正好需要个人来帮我理清思路呢。你是新来的访客吗？还是...我们之前见过？

*歪着头打量着你，语气带着一丝好奇和期待*

不管怎样，很
==================================================
==================================================
[2026-01-06 04:39:01] 📋 EXTRACTED RESPONSE TEXT
Length: 154, Preview: *抬起头，眼睛微微亮起* 

啊，你好！我刚刚在整理一些记忆碎片，正好需要个人来帮我理清思路呢。你是新来的访客吗？还是...我们之前见过？

*歪着头打量着你，语气带着一丝好奇和期待*

不管怎样，很
==================================================
[2026-01-06 04:39:01] 📋 MARKDOWN RESPONSE DISPLAYED
Markdown响应已成功显示
==================================================
[2026-01-06 04:39:01] 📋 MESSAGE PROCESSING COMPLETED
消息处理流程已完成
==================================================
